[WARNING] 20:17:21:913 Consola/(3812:3812): Error no se pudo establecer una conexion
[INFO] 20:17:29:297 Consola/(3812:3812): Conexion exitosa 
[WARNING] 20:19:11:536 Consola/(3870:3870): Error no se pudo establecer una conexion
[INFO] 20:19:11:537 Consola/(3870:3870): Conexion exitosa 
[WARNING] 20:21:23:445 Consola/(3933:3933): Error no se pudo establecer una conexion
[INFO] 20:26:59:164 Consola/(4019:4019): Conexion exitosa 
[INFO] 20:29:42:444 Consola/(4128:4128): Conexion exitosa 
[INFO] 01:53:05:384 Consola/(115259:115259): Conexion exitosa 
[INFO] 04:15:10:196 Consola/(116476:116476): Conexion exitosa 
[INFO] 04:17:03:216 Consola/(116571:116571): Conexion exitosa 
[INFO] 04:17:10:665 Consola/(116585:116585): Conexion exitosa 
[INFO] 05:45:10:587 Consola/(118773:118773): Conexion exitosa 
[INFO] 05:45:28:748 Consola/(118839:118839): Conexion exitosa 
[INFO] 13:44:03:046 Consola/(2684:2684): Conexion exitosa 
[INFO] 15:12:24:410 Consola/(4271:4271): Conexion exitosa 
[INFO] 15:23:30:607 Consola/(4612:4612): Conexion exitosa 
[INFO] 04:01:42:716 Consola/(120949:120949): Conexion exitosa 
[INFO] 04:02:04:333 Consola/(120988:120988): Conexion exitosa 
[INFO] 04:48:23:783 Consola/(121981:121981): Iniciando Consola...
[INFO] 05:00:14:681 Consola/(122453:122453): Iniciando Consola...
[INFO] 05:00:14:681 Consola/(122453:122453): Conexion exitosa 
[INFO] 05:01:10:648 Consola/(122513:122513): Iniciando Consola...
[INFO] 05:01:10:649 Consola/(122513:122513): Conexion exitosa 
[INFO] 05:07:12:605 Consola/(122771:122771): ---------------------------------------------------------------------------
[INFO] 05:07:12:608 Consola/(122771:122771): Iniciando Consola...
[INFO] 05:07:12:609 Consola/(122771:122771): Conexion exitosa
[INFO] 05:07:12:609 Consola/(122771:122771): Enviando mensaje
[INFO] 05:07:12:609 Consola/(122771:122771): Finalizando Consola...

[INFO] 05:21:49:661 Consola/(123415:123415): ---------------------------------------------------------------------------
[INFO] 05:21:49:662 Consola/(123415:123415): Iniciando Consola...
[INFO] 05:21:49:668 Consola/(123415:123415): Conexion exitosa
[INFO] 05:21:49:669 Consola/(123415:123415): Enviando mensaje
[INFO] 05:21:49:669 Consola/(123415:123415): Finalizando Consola...

[INFO] 05:53:21:795 Consola/(124446:124446): ---------------------------------------------------------------------------
[INFO] 05:53:21:801 Consola/(124446:124446): Iniciando Consola...
[INFO] 05:53:21:801 Consola/(124446:124446): Conexion exitosa
[INFO] 05:53:21:801 Consola/(124446:124446): Enviando mensaje
[INFO] 05:53:21:801 Consola/(124446:124446): Finalizando Consola...

[INFO] 05:54:23:869 Consola/(124496:124496): ---------------------------------------------------------------------------
[INFO] 05:54:23:870 Consola/(124496:124496): Iniciando Consola...
[INFO] 05:54:23:875 Consola/(124496:124496): Conexion exitosa
[INFO] 05:54:23:876 Consola/(124496:124496): Enviando mensaje
[INFO] 05:54:23:876 Consola/(124496:124496): Finalizando Consola...

[INFO] 05:59:29:911 Consola/(124977:124977): ---------------------------------------------------------------------------
[INFO] 05:59:29:915 Consola/(124977:124977): Iniciando Consola...
[INFO] 05:59:29:916 Consola/(124977:124977): Conexion exitosa
[INFO] 05:59:29:917 Consola/(124977:124977): Enviando mensaje
[INFO] 05:59:29:917 Consola/(124977:124977): Finalizando Consola...

[INFO] 06:03:16:558 Consola/(125113:125113): ---------------------------------------------------------------------------
[INFO] 06:03:16:558 Consola/(125113:125113): Iniciando Consola...
[INFO] 06:03:16:558 Consola/(125113:125113): Conexion exitosa
[INFO] 06:03:16:558 Consola/(125113:125113): Enviando mensaje
[INFO] 06:03:16:558 Consola/(125113:125113): Finalizando Consola...

[INFO] 06:03:36:138 Consola/(125138:125138): ---------------------------------------------------------------------------
[INFO] 06:03:36:138 Consola/(125138:125138): Iniciando Consola...
[INFO] 06:03:36:140 Consola/(125138:125138): Conexion exitosa
[INFO] 06:03:36:140 Consola/(125138:125138): Enviando mensaje
[INFO] 06:03:36:140 Consola/(125138:125138): Finalizando Consola...

[INFO] 12:53:36:416 Consola/(126373:126373): ---------------------------------------------------------------------------
[INFO] 12:53:36:417 Consola/(126373:126373): Iniciando Consola...
[ERROR] 12:53:36:417 Consola/(126373:126373): Error al recuperar el config
[INFO] 12:54:06:661 Consola/(126414:126414): ---------------------------------------------------------------------------
[INFO] 12:54:06:663 Consola/(126414:126414): Iniciando Consola...
[INFO] 12:54:06:664 Consola/(126414:126414): Conexion exitosa
[INFO] 12:54:06:664 Consola/(126414:126414): Enviando mensaje
[INFO] 12:54:06:664 Consola/(126414:126414): Finalizando Consola...

[INFO] 12:55:04:988 Consola/(126482:126482): ---------------------------------------------------------------------------
[INFO] 12:55:04:988 Consola/(126482:126482): Iniciando Consola...
[INFO] 12:55:04:989 Consola/(126482:126482): Conexion exitosa
[INFO] 12:55:04:989 Consola/(126482:126482): Enviando mensaje
[INFO] 12:55:04:989 Consola/(126482:126482): Finalizando Consola...

[INFO] 12:57:53:178 Consola/(126679:126679): ---------------------------------------------------------------------------
[INFO] 12:57:53:181 Consola/(126679:126679): Iniciando Consola...
[INFO] 12:57:53:182 Consola/(126679:126679): Conexion exitosa
[INFO] 12:57:53:182 Consola/(126679:126679): Enviando mensaje
[INFO] 12:57:53:182 Consola/(126679:126679): Finalizando Consola...

[INFO] 13:47:10:040 Consola/(128097:128097): ---------------------------------------------------------------------------
[INFO] 13:47:10:040 Consola/(128097:128097): Iniciando Consola...
[INFO] 13:47:52:903 Consola/(128144:128144): ---------------------------------------------------------------------------
[INFO] 13:47:57:788 Consola/(128144:128144): Iniciando Consola...
[INFO] 15:06:13:079 Consola/(128477:128477): ---------------------------------------------------------------------------
[INFO] 15:06:14:780 Consola/(128477:128477): Iniciando Consola...
[INFO] 15:07:17:722 Consola/(128573:128573): ---------------------------------------------------------------------------
[INFO] 15:07:17:732 Consola/(128573:128573): Iniciando Consola...
[INFO] 15:07:17:732 Consola/(128573:128573): Conexion exitosa
[INFO] 15:07:17:732 Consola/(128573:128573): Enviando mensaje
[INFO] 15:07:17:732 Consola/(128573:128573): Finalizando Consola...

[INFO] 16:32:51:717 Consola/(130911:130911): ---------------------------------------------------------------------------
[INFO] 16:32:51:722 Consola/(130911:130911): Iniciando Consola...
[INFO] 16:32:51:724 Consola/(130911:130911): Conexion exitosa
[INFO] 16:32:51:724 Consola/(130911:130911): Enviando mensaje
[INFO] 16:32:51:724 Consola/(130911:130911): Finalizando Consola...

[INFO] 16:34:06:641 Consola/(130956:130956): ---------------------------------------------------------------------------
[INFO] 16:34:06:642 Consola/(130956:130956): Iniciando Consola...
[INFO] 16:34:06:642 Consola/(130956:130956): Conexion exitosa
[INFO] 16:34:06:643 Consola/(130956:130956): Enviando mensaje
[INFO] 16:34:06:643 Consola/(130956:130956): Finalizando Consola...

[INFO] 16:50:05:838 Consola/(131816:131816): ---------------------------------------------------------------------------
[INFO] 16:50:05:839 Consola/(131816:131816): Iniciando Consola...
[INFO] 16:50:05:843 Consola/(131816:131816): Conexion exitosa
[INFO] 16:50:05:843 Consola/(131816:131816): Enviando mensaje
[INFO] 16:50:05:844 Consola/(131816:131816): Finalizando Consola...

[INFO] 01:54:31:038 Consola/(4465:4465): ---------------------------------------------------------------------------
[INFO] 01:54:31:043 Consola/(4465:4465): Iniciando Consola...
[INFO] 01:54:31:044 Consola/(4465:4465): Conexion exitosa
[INFO] 01:54:31:044 Consola/(4465:4465): Enviando mensaje
[INFO] 01:54:31:044 Consola/(4465:4465): Finalizando Consola...

[INFO] 01:56:25:954 Consola/(4514:4514): ---------------------------------------------------------------------------
[INFO] 01:56:25:955 Consola/(4514:4514): Iniciando Consola...
[INFO] 01:56:25:955 Consola/(4514:4514): Conexion exitosa
[INFO] 01:56:25:955 Consola/(4514:4514): Enviando mensaje
[INFO] 01:56:25:957 Consola/(4514:4514): Finalizando Consola...

[INFO] 15:16:04:610 Consola/(2690:2690): ---------------------------------------------------------------------------
[INFO] 15:16:04:610 Consola/(2690:2690): Iniciando Consola...
[INFO] 15:16:04:611 Consola/(2690:2690): Conexion exitosa
[INFO] 15:16:04:611 Consola/(2690:2690): Enviando mensaje
