[INFO] 19:25:20:895 Servidor/(2556:2556): Servidor listo para recibir al cliente
[INFO] 19:53:11:427 Servidor/(3037:3037): Servidor listo para recibir al cliente
[INFO] 20:17:57:345 Servidor/(3037:3037): Me llego el mensaje : hola kernel
[INFO] 20:21:13:950 Servidor/(3921:3921): Servidor listo para recibir al cliente
[INFO] 20:21:23:599 Servidor/(3921:3921): Me llego el mensaje : hola kernel
[INFO] 20:29:24:924 Servidor/(4099:4099): Servidor listo para recibir al cliente
[INFO] 20:29:42:512 Servidor/(4099:4099): Me llego el mensaje : hola kernel
[INFO] 16:27:18:656 Servidor/(1981:1981): Servidor listo para recibir al cliente
[INFO] 16:29:15:391 Servidor/(1999:1999): Servidor listo para recibir al cliente
[INFO] 17:13:18:358 Servidor/(2688:2688): Servidor listo para recibir al cliente
[INFO] 17:31:57:969 Servidor/(2986:2986): Servidor listo para recibir al cliente
[INFO] 01:52:43:483 Servidor/(115215:115215): Servidor listo para recibir al cliente
[INFO] 01:53:05:389 Servidor/(115215:115215): Me llego el mensaje : hola kernel
[INFO] 05:45:20:124 Servidor/(118825:118825): Servidor listo para recibir al cliente
[INFO] 05:45:28:748 Servidor/(118825:118825): Me llego el mensaje : hola kernel
[INFO] 13:40:15:513 Servidor/(2658:2658): Servidor listo para recibir al cliente
[INFO] 13:44:03:049 Servidor/(2658:2658): Me llego el mensaje : hola kernel
[INFO] 14:55:53:725 Servidor/(3921:3921): Servidor listo para recibir al cliente
[INFO] 15:12:08:754 Servidor/(4260:4260): Servidor listo para recibir al cliente
[ERROR] 15:12:24:429 Servidor/(4260:4260): el cliente se desconecto. Terminando servidor
[INFO] 15:18:25:842 Servidor/(4440:4440): Servidor listo para recibir al cliente
[INFO] 15:20:41:803 Servidor/(4491:4491): Servidor listo para recibir al cliente
[INFO] 15:21:49:296 Servidor/(4552:4552): Servidor listo para recibir al cliente
[INFO] 15:23:11:848 Servidor/(4591:4591): Servidor listo para recibir al cliente
[ERROR] 15:23:30:614 Servidor/(4591:4591): el cliente se desconecto. Terminando servidor
[INFO] 04:01:55:817 Servidor/(120975:120975): Servidor listo para recibir al cliente
[ERROR] 04:02:04:336 Servidor/(120975:120975): el cliente se desconecto. Terminando servidor
[INFO] 05:00:51:968 Servidor/(122499:122499): Servidor listo para recibir al cliente
[ERROR] 05:01:10:649 Servidor/(122499:122499): el cliente se desconecto. Terminando servidor
[INFO] 05:54:07:940 Servidor/(124484:124484): ---------------------------------------------------------------------------
[INFO] 05:54:07:940 Servidor/(124484:124484): Iniciando Kernel...
[INFO] 05:54:07:941 Servidor/(124484:124484): Servidor listo para recibir al cliente
[ERROR] 05:54:23:876 Servidor/(124484:124484): el cliente se desconecto. Terminando servidor
[INFO] 05:59:24:101 Servidor/(124965:124965): ---------------------------------------------------------------------------
[INFO] 05:59:24:105 Servidor/(124965:124965): Iniciando Kernel...
[INFO] 05:59:24:105 Servidor/(124965:124965): Servidor listo para recibir al cliente
[INFO] 05:59:29:916 Servidor/(124965:124965): Se conecto un cliente
[INFO] 05:59:29:917 Servidor/(124965:124965): 
Me llego el mensaje: Hola kernel
[ERROR] 05:59:29:917 Servidor/(124965:124965): el cliente se desconecto. Terminando servidor
[INFO] 06:03:29:250 Servidor/(125126:125126): ---------------------------------------------------------------------------
[INFO] 06:03:29:257 Servidor/(125126:125126): Iniciando Kernel...
[INFO] 06:03:29:259 Servidor/(125126:125126): Servidor listo para recibir al cliente
[INFO] 06:03:36:139 Servidor/(125126:125126): Se conecto un cliente
[INFO] 06:03:36:140 Servidor/(125126:125126): 
Me llego el mensaje: Hola kernel
[ERROR] 06:03:36:142 Servidor/(125126:125126): el cliente se desconecto. Terminando servidor
[INFO] 16:32:27:975 Servidor/(130885:130885): ---------------------------------------------------------------------------
[INFO] 16:32:27:977 Servidor/(130885:130885): Iniciando Kernel...
[INFO] 16:33:56:612 Servidor/(130944:130944): ---------------------------------------------------------------------------
[INFO] 16:33:56:618 Servidor/(130944:130944): Iniciando Kernel...
[INFO] 16:33:56:618 Servidor/(130944:130944): Servidor listo para recibir al cliente
[INFO] 16:34:06:642 Servidor/(130944:130944): Se conecto un cliente
[INFO] 16:34:06:643 Servidor/(130944:130944): 
Me llego el mensaje: Hola kernel
[ERROR] 16:34:06:643 Servidor/(130944:130944): el cliente se desconecto. Terminando servidor
